SF:lib\bluetooth_print_exception.dart
DA:10,2
DA:12,0
DA:13,0
LF:3
LH:1
end_of_record
SF:lib\bluetooth_print_model.dart
DA:20,4
DA:23,3
DA:31,3
DA:32,3
DA:33,3
DA:34,3
DA:35,3
DA:41,1
DA:42,1
DA:43,3
DA:44,3
DA:45,3
DA:49,0
DA:51,0
DA:54,1
DA:57,1
DA:58,3
DA:59,3
DA:61,1
DA:62,2
DA:81,0
DA:131,0
DA:149,0
DA:150,0
DA:151,0
DA:152,0
DA:153,0
DA:154,0
DA:155,0
DA:156,0
DA:157,0
DA:158,0
DA:159,0
DA:160,0
DA:161,0
DA:162,0
DA:163,0
DA:164,0
DA:169,0
DA:170,0
DA:171,0
DA:172,0
DA:173,0
DA:174,0
DA:175,0
DA:176,0
DA:177,0
DA:178,0
DA:179,0
DA:180,0
DA:181,0
DA:182,0
DA:183,0
DA:184,0
LF:54
LH:18
end_of_record
SF:lib\bluetooth_scanner.dart
DA:30,3
DA:31,6
DA:32,9
DA:39,3
DA:40,6
DA:41,6
DA:45,3
DA:48,3
DA:50,3
DA:51,6
DA:52,3
DA:55,3
DA:56,6
DA:57,6
DA:58,9
DA:60,6
DA:61,12
DA:62,6
DA:63,9
DA:64,6
DA:65,9
DA:66,3
DA:68,21
DA:69,6
DA:70,6
DA:71,12
DA:72,3
DA:73,15
DA:74,15
DA:75,6
DA:76,12
DA:80,8
DA:81,2
DA:82,2
DA:85,6
DA:86,3
DA:87,3
DA:90,15
DA:91,3
DA:92,3
DA:95,6
DA:96,3
DA:97,3
DA:98,3
DA:101,3
DA:104,3
DA:107,3
DA:108,9
DA:112,3
DA:115,3
DA:117,2
DA:118,2
DA:120,3
DA:124,3
DA:125,3
DA:126,3
DA:127,6
DA:128,6
DA:132,3
DA:133,6
DA:134,6
DA:135,6
DA:136,6
LF:63
LH:63
end_of_record
